<?xml version="1.0" encoding="UTF-8"?>
<!-- Generated by org.testng.reporters.JUnitReportReporter -->
<testsuite skipped="0" hostname="DESKTOP-UQ5ATUK" name="org.Testing.TestCases.YTFramework.VideoPlay" tests="1" failures="0" timestamp="21 Aug 2019 18:20:57 GMT" time="76.051" errors="0">
  <testcase name="action" time="76.051" classname="org.Testing.TestCases.YTFramework.VideoPlay"/>
</testsuite> <!-- org.Testing.TestCases.YTFramework.VideoPlay -->
