<?xml version="1.0" encoding="UTF-8"?>
<!-- Generated by org.testng.reporters.JUnitReportReporter -->
<testsuite skipped="0" hostname="DESKTOP-UQ5ATUK" name="org.Testing.testscripts.Subscription" tests="1" failures="0" timestamp="01 Sep 2019 10:02:45 GMT" time="56.065" errors="0">
  <testcase name="action" time="56.065" classname="org.Testing.testscripts.Subscription"/>
</testsuite> <!-- org.Testing.testscripts.Subscription -->
