<?xml version="1.0" encoding="UTF-8"?>
<!-- Generated by org.testng.reporters.JUnitReportReporter -->
<testsuite skipped="0" hostname="DESKTOP-UQ5ATUK" name="org.Testing.testscripts.Trending" tests="1" failures="0" timestamp="01 Sep 2019 10:02:47 GMT" time="77.858" errors="0">
  <testcase name="action" time="77.858" classname="org.Testing.testscripts.Trending"/>
</testsuite> <!-- org.Testing.testscripts.Trending -->
