<?xml version="1.0" encoding="UTF-8"?>
<!-- Generated by org.testng.reporters.JUnitReportReporter -->
<testsuite skipped="0" hostname="DESKTOP-UQ5ATUK" name="org.Testing.TestCases.YTFramework.Trending" tests="1" failures="0" timestamp="28 Aug 2019 19:18:12 GMT" time="38.815" errors="0">
  <testcase name="action" time="38.815" classname="org.Testing.TestCases.YTFramework.Trending"/>
</testsuite> <!-- org.Testing.TestCases.YTFramework.Trending -->
