<?xml version="1.0" encoding="UTF-8"?>
<!-- Generated by org.testng.reporters.JUnitReportReporter -->
<testsuite skipped="0" hostname="DESKTOP-UQ5ATUK" name="org.Testing.testscripts.HistoryCheck" tests="1" failures="0" timestamp="01 Sep 2019 10:02:46 GMT" time="97.339" errors="0">
  <testcase name="action" time="97.339" classname="org.Testing.testscripts.HistoryCheck"/>
</testsuite> <!-- org.Testing.testscripts.HistoryCheck -->
