<?xml version="1.0" encoding="UTF-8"?>
<!-- Generated by org.testng.reporters.JUnitReportReporter -->
<testsuite skipped="0" hostname="DESKTOP-UQ5ATUK" name="org.Testing.testscripts.VideoPlay" tests="1" failures="0" timestamp="01 Sep 2019 10:02:48 GMT" time="70.128" errors="0">
  <testcase name="action" time="70.128" classname="org.Testing.testscripts.VideoPlay"/>
</testsuite> <!-- org.Testing.testscripts.VideoPlay -->
