<?xml version="1.0" encoding="UTF-8"?>
<!-- Generated by org.testng.reporters.JUnitReportReporter -->
<testsuite skipped="0" hostname="DESKTOP-UQ5ATUK" name="org.Testing.testscripts.ChannelSubscription" tests="1" failures="0" timestamp="01 Sep 2019 10:02:47 GMT" time="54.724" errors="0">
  <testcase name="action" time="54.724" classname="org.Testing.testscripts.ChannelSubscription"/>
</testsuite> <!-- org.Testing.testscripts.ChannelSubscription -->
